Vivado Simulator v2024.2.0
Copyright 1986-2022 Xilinx, Inc. All Rights Reserved.
Copyright 2022-2024 Advanced Micro Devices, Inc. All Rights Reserved.
Running: D:/Xilinx/Vivado/2024.2/bin/unwrapped/win64.o/xelab.exe --incr --debug typical --relax --mt 2 -L xil_defaultlib -L blk_mem_gen_v8_4_9 -L unisims_ver -L unimacro_ver -L secureip -L xpm --snapshot top_testbench_behav xil_defaultlib.top_testbench xil_defaultlib.glbl -log elaborate.log 
Using 2 slave threads.
Starting static elaboration
Pass Through NonSizing Optimizer
WARNING: [VRFC 10-3091] actual bit length 32 differs from formal bit length 1 for port 'en' [C:/dev/fpga/PipelinedRISCV/riscv/rtl/controller.v:121]
WARNING: [VRFC 10-3091] actual bit length 32 differs from formal bit length 1 for port 'en' [C:/dev/fpga/PipelinedRISCV/riscv/rtl/controller.v:122]
WARNING: [VRFC 10-3091] actual bit length 32 differs from formal bit length 1 for port 'en' [C:/dev/fpga/PipelinedRISCV/riscv/rtl/controller.v:123]
WARNING: [VRFC 10-3091] actual bit length 32 differs from formal bit length 1 for port 'en' [C:/dev/fpga/PipelinedRISCV/riscv/rtl/controller.v:124]
WARNING: [VRFC 10-3091] actual bit length 32 differs from formal bit length 1 for port 'en' [C:/dev/fpga/PipelinedRISCV/riscv/rtl/controller.v:125]
WARNING: [VRFC 10-3091] actual bit length 32 differs from formal bit length 1 for port 'en' [C:/dev/fpga/PipelinedRISCV/riscv/rtl/controller.v:126]
WARNING: [VRFC 10-3091] actual bit length 32 differs from formal bit length 1 for port 'en' [C:/dev/fpga/PipelinedRISCV/riscv/rtl/controller.v:127]
WARNING: [VRFC 10-3091] actual bit length 32 differs from formal bit length 1 for port 'en' [C:/dev/fpga/PipelinedRISCV/riscv/rtl/controller.v:147]
WARNING: [VRFC 10-3091] actual bit length 32 differs from formal bit length 1 for port 'en' [C:/dev/fpga/PipelinedRISCV/riscv/rtl/controller.v:148]
WARNING: [VRFC 10-3091] actual bit length 32 differs from formal bit length 1 for port 'en' [C:/dev/fpga/PipelinedRISCV/riscv/rtl/controller.v:149]
WARNING: [VRFC 10-3091] actual bit length 32 differs from formal bit length 1 for port 'en' [C:/dev/fpga/PipelinedRISCV/riscv/rtl/controller.v:159]
WARNING: [VRFC 10-3091] actual bit length 32 differs from formal bit length 1 for port 'en' [C:/dev/fpga/PipelinedRISCV/riscv/rtl/controller.v:160]
WARNING: [VRFC 10-3091] actual bit length 128 differs from formal bit length 4 for port 'wea' [C:/dev/fpga/PipelinedRISCV/riscv/rtl/datapath.v:146]
WARNING: [VRFC 10-3091] actual bit length 32 differs from formal bit length 1 for port 'en' [C:/dev/fpga/PipelinedRISCV/riscv/rtl/datapath.v:212]
WARNING: [VRFC 10-3091] actual bit length 32 differs from formal bit length 1 for port 'en' [C:/dev/fpga/PipelinedRISCV/riscv/rtl/datapath.v:213]
WARNING: [VRFC 10-3091] actual bit length 32 differs from formal bit length 1 for port 'en' [C:/dev/fpga/PipelinedRISCV/riscv/rtl/datapath.v:214]
WARNING: [VRFC 10-3091] actual bit length 32 differs from formal bit length 1 for port 'en' [C:/dev/fpga/PipelinedRISCV/riscv/rtl/datapath.v:215]
WARNING: [VRFC 10-3091] actual bit length 32 differs from formal bit length 1 for port 'en' [C:/dev/fpga/PipelinedRISCV/riscv/rtl/datapath.v:216]
WARNING: [VRFC 10-3091] actual bit length 32 differs from formal bit length 1 for port 'en' [C:/dev/fpga/PipelinedRISCV/riscv/rtl/datapath.v:251]
WARNING: [VRFC 10-3091] actual bit length 32 differs from formal bit length 1 for port 'en' [C:/dev/fpga/PipelinedRISCV/riscv/rtl/datapath.v:252]
WARNING: [VRFC 10-3091] actual bit length 32 differs from formal bit length 1 for port 'en' [C:/dev/fpga/PipelinedRISCV/riscv/rtl/datapath.v:253]
WARNING: [VRFC 10-3091] actual bit length 32 differs from formal bit length 1 for port 'en' [C:/dev/fpga/PipelinedRISCV/riscv/rtl/datapath.v:254]
WARNING: [VRFC 10-3091] actual bit length 128 differs from formal bit length 4 for port 'wea' [C:/dev/fpga/PipelinedRISCV/riscv/rtl/datapath.v:272]
WARNING: [VRFC 10-3091] actual bit length 32 differs from formal bit length 1 for port 'en' [C:/dev/fpga/PipelinedRISCV/riscv/rtl/datapath.v:281]
WARNING: [VRFC 10-3091] actual bit length 32 differs from formal bit length 1 for port 'en' [C:/dev/fpga/PipelinedRISCV/riscv/rtl/datapath.v:282]
WARNING: [VRFC 10-3091] actual bit length 32 differs from formal bit length 1 for port 'en' [C:/dev/fpga/PipelinedRISCV/riscv/rtl/datapath.v:283]
WARNING: [VRFC 10-3091] actual bit length 32 differs from formal bit length 1 for port 'en' [C:/dev/fpga/PipelinedRISCV/riscv/rtl/datapath.v:284]
WARNING: [VRFC 10-3091] actual bit length 1 differs from formal bit length 32 for port 'd2' [C:/dev/fpga/PipelinedRISCV/riscv/rtl/datapath.v:297]
WARNING: [VRFC 10-8864] concatenation with an unsized literal will be treated as 32 bits [C:/dev/fpga/PipelinedRISCV/riscv/rtl/datapath.v:146]
WARNING: [VRFC 10-8864] concatenation with an unsized literal will be treated as 32 bits [C:/dev/fpga/PipelinedRISCV/riscv/rtl/datapath.v:272]
Completed static elaboration
Starting simulation data flow analysis
Completed simulation data flow analysis
Time Resolution for simulation is 1ps
Compiling module xil_defaultlib.maindec
Compiling module xil_defaultlib.aludec
Compiling module xil_defaultlib.controller_single_cycle
Compiling module xil_defaultlib.flopenr(WIDTH=1)
Compiling module xil_defaultlib.flopenr(WIDTH=2)
Compiling module xil_defaultlib.flopenr(WIDTH=3)
Compiling module xil_defaultlib.controller
Compiling module xil_defaultlib.mux2
Compiling module xil_defaultlib.flopenr
Compiling module blk_mem_gen_v8_4_9.blk_mem_gen_v8_4_9_output_stage(...
Compiling module blk_mem_gen_v8_4_9.blk_mem_gen_v8_4_9_output_stage(...
Compiling module blk_mem_gen_v8_4_9.blk_mem_gen_v8_4_9_softecc_outpu...
Compiling module blk_mem_gen_v8_4_9.blk_mem_gen_v8_4_9_mem_module(C_...
Compiling module blk_mem_gen_v8_4_9.blk_mem_gen_v8_4_9(C_FAMILY="spa...
Compiling module xil_defaultlib.blk_mem_gen_0
Compiling module xil_defaultlib.alu_addonly
Compiling module xil_defaultlib.regfile
Compiling module xil_defaultlib.extend
Compiling module xil_defaultlib.flopenr(WIDTH=5)
Compiling module xil_defaultlib.mux3
Compiling module xil_defaultlib.alu
Compiling module blk_mem_gen_v8_4_9.blk_mem_gen_v8_4_9_mem_module(C_...
Compiling module blk_mem_gen_v8_4_9.blk_mem_gen_v8_4_9(C_FAMILY="spa...
Compiling module xil_defaultlib.blk_mem_gen_1
Compiling module xil_defaultlib.datapath
Compiling module xil_defaultlib.hazard_unit
Compiling module xil_defaultlib.riscv_multi
Compiling module xil_defaultlib.top
Compiling module xil_defaultlib.top_testbench
Compiling module xil_defaultlib.glbl
Built simulation snapshot top_testbench_behav
