Time resolution is 1 ps
 Block Memory Generator module loading initial data...
 Block Memory Generator data initialization complete.
Block Memory Generator module top_testbench.dut.rvmulti.dp.instruction_memory.inst.native_mem_mapped_module.blk_mem_gen_v8_4_9_inst is using a behavioral model for simulation which will not precisely model memory collision behavior.
Block Memory Generator module top_testbench.dut.rvmulti.dp.data_memory.inst.native_mem_mapped_module.blk_mem_gen_v8_4_9_inst is using a behavioral model for simulation which will not precisely model memory collision behavior.
[regfile] WriteBack. a3= 5, wd3=0x00000001
[regfile] WriteBack. a3= 5, wd3=0x00000001
[regfile] WriteBack. a3= 5, wd3=0x00000002
[regfile] WriteBack. a3= 5, wd3=0x00000002
[regfile] WriteBack. a3= 5, wd3=0x00000003
[regfile] WriteBack. a3= 5, wd3=0x00000003
[regfile] WriteBack. a3= 5, wd3=0x00000004
[regfile] WriteBack. a3= 5, wd3=0x00000004
[regfile] WriteBack. a3= 5, wd3=0x00000005
[regfile] WriteBack. a3= 5, wd3=0x00000005
[regfile] WriteBack. a3= 5, wd3=0x00000006
[regfile] WriteBack. a3= 5, wd3=0x00000006
[regfile] WriteBack. a3= 5, wd3=0x00000007
[regfile] WriteBack. a3= 5, wd3=0x00000007
[regfile] WriteBack. a3= 5, wd3=0x00000008
[regfile] WriteBack. a3= 5, wd3=0x00000008
[regfile] WriteBack. a3= 5, wd3=0x00000009
[regfile] WriteBack. a3= 5, wd3=0x00000009
[regfile] WriteBack. a3= 5, wd3=0x0000000a
[regfile] WriteBack. a3= 5, wd3=0x0000000a
[regfile] WriteBack. a3= 5, wd3=0x0000000b
[regfile] WriteBack. a3= 5, wd3=0x0000000b
[regfile] WriteBack. a3= 5, wd3=0x0000000c
[regfile] WriteBack. a3= 5, wd3=0x0000000d
[regfile] WriteBack. a3= 5, wd3=0x0000000d
[regfile] WriteBack. a3= 5, wd3=0x0000000e
[regfile] WriteBack. a3= 5, wd3=0x0000000e
[regfile] WriteBack. a3= 5, wd3=0x0000000f
[regfile] WriteBack. a3= 5, wd3=0x0000000f
[regfile] WriteBack. a3= 5, wd3=0x00000010
[regfile] WriteBack. a3= 5, wd3=0x00000010
[regfile] WriteBack. a3= 5, wd3=0x00000011
[regfile] WriteBack. a3= 5, wd3=0x00000011
[regfile] WriteBack. a3= 5, wd3=0x00000012
[regfile] WriteBack. a3= 5, wd3=0x00000012
[regfile] WriteBack. a3= 5, wd3=0x00000013
[regfile] WriteBack. a3= 5, wd3=0x00000013
[regfile] WriteBack. a3= 5, wd3=0x00000014
[regfile] WriteBack. a3= 5, wd3=0x00000014
[regfile] WriteBack. a3= 5, wd3=0x00000015
[regfile] WriteBack. a3= 5, wd3=0x00000015
[regfile] WriteBack. a3= 5, wd3=0x00000016
[regfile] WriteBack. a3= 5, wd3=0x00000016
[regfile] WriteBack. a3= 5, wd3=0x00000017
[regfile] WriteBack. a3= 5, wd3=0x00000017
[regfile] WriteBack. a3= 5, wd3=0x00000018
[regfile] WriteBack. a3= 5, wd3=0x00000018
[regfile] WriteBack. a3= 5, wd3=0x00000019
[regfile] WriteBack. a3= 5, wd3=0x00000019
[regfile] WriteBack. a3= 5, wd3=0x0000001a
[regfile] WriteBack. a3= 5, wd3=0x0000001a
[regfile] WriteBack. a3= 5, wd3=0x0000001b
[regfile] WriteBack. a3= 5, wd3=0x0000001b
[regfile] WriteBack. a3= 5, wd3=0x0000001c
[regfile] WriteBack. a3= 5, wd3=0x0000001c
[regfile] WriteBack. a3= 5, wd3=0x0000001d
[regfile] WriteBack. a3= 5, wd3=0x0000001d
[regfile] WriteBack. a3= 5, wd3=0x0000001e
[regfile] WriteBack. a3= 5, wd3=0x0000001e
[regfile] WriteBack. a3= 5, wd3=0x0000001f
[regfile] WriteBack. a3= 5, wd3=0x0000001f
[regfile] WriteBack. a3= 5, wd3=0x00000020
[regfile] WriteBack. a3= 5, wd3=0x00000020
[regfile] WriteBack. a3= 5, wd3=0x00000021
[regfile] WriteBack. a3= 5, wd3=0x00000021
[regfile] WriteBack. a3= 5, wd3=0x00000022
[regfile] WriteBack. a3= 5, wd3=0x00000022
[regfile] WriteBack. a3= 5, wd3=0x00000023
[regfile] WriteBack. a3= 5, wd3=0x00000023
[regfile] WriteBack. a3= 5, wd3=0x00000024
[regfile] WriteBack. a3= 5, wd3=0x00000024
[regfile] WriteBack. a3= 5, wd3=0x00000025
[regfile] WriteBack. a3= 5, wd3=0x00000025
[regfile] WriteBack. a3= 5, wd3=0x00000026
[regfile] WriteBack. a3= 5, wd3=0x00000026
[regfile] WriteBack. a3= 5, wd3=0x00000027
[regfile] WriteBack. a3= 5, wd3=0x00000027
[regfile] WriteBack. a3= 5, wd3=0x00000028
[regfile] WriteBack. a3= 5, wd3=0x00000028
[regfile] WriteBack. a3= 5, wd3=0x00000029
[regfile] WriteBack. a3= 5, wd3=0x00000029
[regfile] WriteBack. a3= 5, wd3=0x0000002a
[regfile] WriteBack. a3= 5, wd3=0x0000002a
[regfile] WriteBack. a3= 5, wd3=0x0000002b
[regfile] WriteBack. a3= 5, wd3=0x0000002b
[regfile] WriteBack. a3= 5, wd3=0x0000002c
[regfile] WriteBack. a3= 5, wd3=0x0000002c
[regfile] WriteBack. a3= 5, wd3=0x0000002d
[regfile] WriteBack. a3= 5, wd3=0x0000002d
[regfile] WriteBack. a3= 5, wd3=0x0000002e
[regfile] WriteBack. a3= 5, wd3=0x0000002e
[regfile] WriteBack. a3= 5, wd3=0x0000002f
[regfile] WriteBack. a3= 5, wd3=0x0000002f
[regfile] WriteBack. a3= 5, wd3=0x00000030
[regfile] WriteBack. a3= 5, wd3=0x00000030
[regfile] WriteBack. a3= 5, wd3=0x00000031
[regfile] WriteBack. a3= 5, wd3=0x00000031
[regfile] WriteBack. a3= 5, wd3=0x00000032
[regfile] WriteBack. a3= 5, wd3=0x00000032
[regfile] WriteBack. a3= 5, wd3=0x00000033
[regfile] WriteBack. a3= 5, wd3=0x00000033
[regfile] WriteBack. a3= 5, wd3=0x00000034
[regfile] WriteBack. a3= 5, wd3=0x00000034
[regfile] WriteBack. a3= 5, wd3=0x00000035
[regfile] WriteBack. a3= 5, wd3=0x00000035
[regfile] WriteBack. a3= 5, wd3=0x00000036
[regfile] WriteBack. a3= 5, wd3=0x00000036
[regfile] WriteBack. a3= 5, wd3=0x00000037
[regfile] WriteBack. a3= 5, wd3=0x00000037
[regfile] WriteBack. a3= 5, wd3=0x00000038
[regfile] WriteBack. a3= 5, wd3=0x00000038
[regfile] WriteBack. a3= 5, wd3=0x00000039
[regfile] WriteBack. a3= 5, wd3=0x00000039
[regfile] WriteBack. a3= 5, wd3=0x0000003a
[regfile] WriteBack. a3= 5, wd3=0x0000003a
[regfile] WriteBack. a3= 5, wd3=0x0000003b
[regfile] WriteBack. a3= 5, wd3=0x0000003b
[regfile] WriteBack. a3= 5, wd3=0x0000003c
[regfile] WriteBack. a3= 5, wd3=0x0000003c
[regfile] WriteBack. a3= 5, wd3=0x0000003d
[regfile] WriteBack. a3= 5, wd3=0x0000003d
[regfile] WriteBack. a3= 5, wd3=0x0000003e
[regfile] WriteBack. a3= 5, wd3=0x0000003e
[regfile] WriteBack. a3= 5, wd3=0x0000003f
[regfile] WriteBack. a3= 5, wd3=0x0000003f
[regfile] WriteBack. a3= 5, wd3=0x00000040
[regfile] WriteBack. a3= 5, wd3=0x00000040
[regfile] WriteBack. a3= 5, wd3=0x00000041
[regfile] WriteBack. a3= 5, wd3=0x00000041
[regfile] WriteBack. a3= 5, wd3=0x00000042
[regfile] WriteBack. a3= 5, wd3=0x00000042
[regfile] WriteBack. a3= 5, wd3=0x00000043
[regfile] WriteBack. a3= 5, wd3=0x00000043
[regfile] WriteBack. a3= 5, wd3=0x00000044
[regfile] WriteBack. a3= 5, wd3=0x00000044
[regfile] WriteBack. a3= 5, wd3=0x00000045
[regfile] WriteBack. a3= 5, wd3=0x00000045
[regfile] WriteBack. a3= 5, wd3=0x00000046
[regfile] WriteBack. a3= 5, wd3=0x00000046
[regfile] WriteBack. a3= 5, wd3=0x00000047
[regfile] WriteBack. a3= 5, wd3=0x00000047
[regfile] WriteBack. a3= 5, wd3=0x00000048
[regfile] WriteBack. a3= 5, wd3=0x00000048
[regfile] WriteBack. a3= 5, wd3=0x00000049
[regfile] WriteBack. a3= 5, wd3=0x00000049
[regfile] WriteBack. a3= 5, wd3=0x0000004a
[regfile] WriteBack. a3= 5, wd3=0x0000004a
[regfile] WriteBack. a3= 5, wd3=0x0000004b
[regfile] WriteBack. a3= 5, wd3=0x0000004b
[regfile] WriteBack. a3= 5, wd3=0x0000004c
[regfile] WriteBack. a3= 5, wd3=0x0000004c
[regfile] WriteBack. a3= 5, wd3=0x0000004d
[regfile] WriteBack. a3= 5, wd3=0x0000004d
[regfile] WriteBack. a3= 5, wd3=0x0000004e
[regfile] WriteBack. a3= 5, wd3=0x0000004e
[regfile] WriteBack. a3= 5, wd3=0x0000004f
[regfile] WriteBack. a3= 5, wd3=0x0000004f
[regfile] WriteBack. a3= 5, wd3=0x00000050
[regfile] WriteBack. a3= 5, wd3=0x00000050
[regfile] WriteBack. a3= 5, wd3=0x00000051
[regfile] WriteBack. a3= 5, wd3=0x00000051
[regfile] WriteBack. a3= 5, wd3=0x00000052
[regfile] WriteBack. a3= 5, wd3=0x00000052
[regfile] WriteBack. a3= 5, wd3=0x00000053
[regfile] WriteBack. a3= 5, wd3=0x00000053
[regfile] WriteBack. a3= 5, wd3=0x00000054
[regfile] WriteBack. a3= 5, wd3=0x00000054
[regfile] WriteBack. a3= 5, wd3=0x00000055
[regfile] WriteBack. a3= 5, wd3=0x00000055
[regfile] WriteBack. a3= 5, wd3=0x00000056
[regfile] WriteBack. a3= 5, wd3=0x00000056
[regfile] WriteBack. a3= 5, wd3=0x00000057
[regfile] WriteBack. a3= 5, wd3=0x00000057
[regfile] WriteBack. a3= 5, wd3=0x00000058
[regfile] WriteBack. a3= 5, wd3=0x00000058
[regfile] WriteBack. a3= 5, wd3=0x00000059
[regfile] WriteBack. a3= 5, wd3=0x00000059
[regfile] WriteBack. a3= 5, wd3=0x0000005a
[regfile] WriteBack. a3= 5, wd3=0x0000005a
[regfile] WriteBack. a3= 5, wd3=0x0000005b
[regfile] WriteBack. a3= 5, wd3=0x0000005b
[regfile] WriteBack. a3= 5, wd3=0x0000005c
[regfile] WriteBack. a3= 5, wd3=0x0000005c
[regfile] WriteBack. a3= 5, wd3=0x0000005d
[regfile] WriteBack. a3= 5, wd3=0x0000005d
[regfile] WriteBack. a3= 5, wd3=0x0000005e
[regfile] WriteBack. a3= 5, wd3=0x0000005e
[regfile] WriteBack. a3= 5, wd3=0x0000005f
[regfile] WriteBack. a3= 5, wd3=0x0000005f
[regfile] WriteBack. a3= 5, wd3=0x00000060
[regfile] WriteBack. a3= 5, wd3=0x00000060
[regfile] WriteBack. a3= 5, wd3=0x00000061
[regfile] WriteBack. a3= 5, wd3=0x00000061
[regfile] WriteBack. a3= 5, wd3=0x00000062
[regfile] WriteBack. a3= 5, wd3=0x00000062
[regfile] WriteBack. a3= 5, wd3=0x00000063
[regfile] WriteBack. a3= 5, wd3=0x00000063
[regfile] WriteBack. a3= 5, wd3=0x00000064
[regfile] WriteBack. a3= 5, wd3=0x00000064
[regfile] WriteBack. a3= 5, wd3=0x00000065
[regfile] WriteBack. a3= 5, wd3=0x00000065
[regfile] WriteBack. a3= 5, wd3=0x00000066
[regfile] WriteBack. a3= 5, wd3=0x00000066
[regfile] WriteBack. a3= 5, wd3=0x00000067
[regfile] WriteBack. a3= 5, wd3=0x00000067
[regfile] WriteBack. a3= 5, wd3=0x00000068
[regfile] WriteBack. a3= 5, wd3=0x00000068
[regfile] WriteBack. a3= 5, wd3=0x00000069
[regfile] WriteBack. a3= 5, wd3=0x00000069
[regfile] WriteBack. a3= 5, wd3=0x0000006a
[regfile] WriteBack. a3= 5, wd3=0x0000006a
[regfile] WriteBack. a3= 5, wd3=0x0000006b
[regfile] WriteBack. a3= 5, wd3=0x0000006b
[regfile] WriteBack. a3= 5, wd3=0x0000006c
[regfile] WriteBack. a3= 5, wd3=0x0000006c
[regfile] WriteBack. a3= 5, wd3=0x0000006d
[regfile] WriteBack. a3= 5, wd3=0x0000006d
[regfile] WriteBack. a3= 5, wd3=0x0000006e
[regfile] WriteBack. a3= 5, wd3=0x0000006e
[regfile] WriteBack. a3= 5, wd3=0x0000006f
[regfile] WriteBack. a3= 5, wd3=0x0000006f
[regfile] WriteBack. a3= 5, wd3=0x00000070
[regfile] WriteBack. a3= 5, wd3=0x00000070
[regfile] WriteBack. a3= 5, wd3=0x00000071
[regfile] WriteBack. a3= 5, wd3=0x00000071
[regfile] WriteBack. a3= 5, wd3=0x00000072
[regfile] WriteBack. a3= 5, wd3=0x00000072
[regfile] WriteBack. a3= 5, wd3=0x00000073
[regfile] WriteBack. a3= 5, wd3=0x00000073
[regfile] WriteBack. a3= 5, wd3=0x00000074
[regfile] WriteBack. a3= 5, wd3=0x00000074
[regfile] WriteBack. a3= 5, wd3=0x00000075
[regfile] WriteBack. a3= 5, wd3=0x00000075
[regfile] WriteBack. a3= 5, wd3=0x00000076
[regfile] WriteBack. a3= 5, wd3=0x00000076
[regfile] WriteBack. a3= 5, wd3=0x00000077
[regfile] WriteBack. a3= 5, wd3=0x00000077
[regfile] WriteBack. a3= 5, wd3=0x00000078
[regfile] WriteBack. a3= 5, wd3=0x00000078
[regfile] WriteBack. a3= 5, wd3=0x00000079
[regfile] WriteBack. a3= 5, wd3=0x00000079
[regfile] WriteBack. a3= 5, wd3=0x0000007a
[regfile] WriteBack. a3= 5, wd3=0x0000007a
[regfile] WriteBack. a3= 5, wd3=0x0000007b
[regfile] WriteBack. a3= 5, wd3=0x0000007b
[regfile] WriteBack. a3= 5, wd3=0x0000007c
[regfile] WriteBack. a3= 5, wd3=0x0000007c
[regfile] WriteBack. a3= 5, wd3=0x0000007d
[regfile] WriteBack. a3= 5, wd3=0x0000007d
[regfile] WriteBack. a3= 5, wd3=0x0000007e
[regfile] WriteBack. a3= 5, wd3=0x0000007e
[regfile] WriteBack. a3= 5, wd3=0x0000007f
[regfile] WriteBack. a3= 5, wd3=0x0000007f
[regfile] WriteBack. a3= 5, wd3=0x00000080
[regfile] WriteBack. a3= 5, wd3=0x00000080
[regfile] WriteBack. a3= 5, wd3=0x00000081
[regfile] WriteBack. a3= 5, wd3=0x00000081
[regfile] WriteBack. a3= 5, wd3=0x00000082
[regfile] WriteBack. a3= 5, wd3=0x00000082
[regfile] WriteBack. a3= 5, wd3=0x00000083
[regfile] WriteBack. a3= 5, wd3=0x00000083
[regfile] WriteBack. a3= 5, wd3=0x00000084
[regfile] WriteBack. a3= 5, wd3=0x00000084
[regfile] WriteBack. a3= 5, wd3=0x00000085
[regfile] WriteBack. a3= 5, wd3=0x00000085
[regfile] WriteBack. a3= 5, wd3=0x00000086
[regfile] WriteBack. a3= 5, wd3=0x00000086
[regfile] WriteBack. a3= 5, wd3=0x00000087
[regfile] WriteBack. a3= 5, wd3=0x00000087
[regfile] WriteBack. a3= 5, wd3=0x00000088
[regfile] WriteBack. a3= 5, wd3=0x00000088
[regfile] WriteBack. a3= 5, wd3=0x00000089
